#
# There is insufficient memory for the Java Runtime Environment to continue.
# Native memory allocation (malloc) failed to allocate 32744 bytes for ChunkPool::allocate
# Possible reasons:
#   The system is out of physical RAM or swap space
#   The process is running with CompressedOops enabled, and the Java Heap may be blocking the growth of the native heap
# Possible solutions:
#   Reduce memory load on the system
#   Increase physical memory or swap space
#   Check if swap backing store is full
#   Decrease Java heap size (-Xmx/-Xms)
#   Decrease number of Java threads
#   Decrease Java thread stack sizes (-Xss)
#   Set larger code cache with -XX:ReservedCodeCacheSize=
#   JVM is running with Unscaled Compressed Oops mode in which the Java heap is
#     placed in the first 4GB address space. The Java Heap base address is the
#     maximum limit for the native heap growth. Please use -XX:HeapBaseMinAddress
#     to set the Java Heap base and to place the Java Heap above 4GB virtual address.
# This output file may be truncated or incomplete.
#
#  Out of Memory Error (t:/workspace/open/src/hotspot/share/memory/arena.cpp:81), pid=5456, tid=5176
#
# JRE version: Java(TM) SE Runtime Environment (12.0.1+12) (build 12.0.1+12)
# Java VM: Java HotSpot(TM) 64-Bit Server VM (12.0.1+12, mixed mode, sharing, tiered, compressed oops, g1 gc, windows-amd64)
# No core dump will be written. Minidumps are not enabled by default on client versions of Windows
#

---------------  S U M M A R Y ------------

Command Line: --add-exports=javafx.graphics/com.sun.javafx.util=ALL-UNNAMED --add-exports=javafx.base/com.sun.javafx.reflect=ALL-UNNAMED -javaagent:C:\Program Files\JetBrains\IntelliJ IDEA Community Edition 2019.1\lib\idea_rt.jar=58783:C:\Program Files\JetBrains\IntelliJ IDEA Community Edition 2019.1\bin -Dfile.encoding=UTF-8 com.plotnikov.fleetapp.FleetappApplication

Host: Intel(R) Celeron(R) CPU  N3050  @ 1.60GHz, 2 cores, 3G,  Windows 10 , 64 bit Build 17763 (10.0.17763.379)
Time: Thu May 12 20:05:26 2022 Eaaeacneia a?aiy (ceia) elapsed time: 112 seconds (0d 0h 1m 52s)

---------------  T H R E A D  ---------------

Current thread (0x0000015ec0364800):  JavaThread "C1 CompilerThread0" daemon [_thread_in_native, id=5176, stack(0x0000005274a00000,0x0000005274b00000)]


Current CompileTask:
C1: 112980 7625       3       java.util.concurrent.ScheduledThreadPoolExecutor$ScheduledFutureTask::compareTo (101 bytes)

Stack: [0x0000005274a00000,0x0000005274b00000]
Native frames: (J=compiled Java code, j=interpreted, Vv=VM code, C=native code)
V  [jvm.dll+0x63948a]
V  [jvm.dll+0x78b31f]
V  [jvm.dll+0x78c9c1]
V  [jvm.dll+0x78d013]
V  [jvm.dll+0x262138]
V  [jvm.dll+0xc5a56]
V  [jvm.dll+0xc5dac]
V  [jvm.dll+0x17abb7]
V  [jvm.dll+0x17ceeb]
V  [jvm.dll+0x17ef21]
V  [jvm.dll+0x1318ff]
V  [jvm.dll+0x131109]
V  [jvm.dll+0x13133f]
V  [jvm.dll+0x1304a7]
V  [jvm.dll+0x132557]
V  [jvm.dll+0x22a534]
V  [jvm.dll+0x228b88]
V  [jvm.dll+0x74f660]
V  [jvm.dll+0x748648]
V  [jvm.dll+0x638566]
C  [ucrtbase.dll+0x21ffa]
C  [KERNEL32.DLL+0x181f4]
C  [ntdll.dll+0x6a251]


---------------  P R O C E S S  ---------------

Threads class SMR info:
_java_thread_list=0x0000015ec29e6e20, length=28, elements={
0x0000015ec033f800, 0x0000015ec0340800, 0x0000015ec035e800, 0x0000015ec035f800,
0x0000015ec0363800, 0x0000015ec0364800, 0x0000015ec0366800, 0x0000015ec03fe000,
0x0000015ec1130800, 0x0000015ec1131000, 0x0000015ec284d000, 0x0000015ec369e800,
0x0000015ec3c2c800, 0x0000015ec369f000, 0x0000015ec22e9800, 0x0000015ec2943000,
0x0000015ec3ac3800, 0x0000015ec443f800, 0x0000015ec2567800, 0x0000015ec382b800,
0x0000015ec3829000, 0x0000015ec3828000, 0x0000015ec3826800, 0x0000015ec382a800,
0x0000015ec382a000, 0x0000015ec382c800, 0x0000015ec382d000, 0x0000015ec3827800
}

Java Threads: ( => current thread )
  0x0000015ec033f800 JavaThread "Reference Handler" daemon [_thread_blocked, id=2828, stack(0x0000005274500000,0x0000005274600000)]
  0x0000015ec0340800 JavaThread "Finalizer" daemon [_thread_blocked, id=7756, stack(0x0000005274600000,0x0000005274700000)]
  0x0000015ec035e800 JavaThread "Signal Dispatcher" daemon [_thread_blocked, id=5844, stack(0x0000005274700000,0x0000005274800000)]
  0x0000015ec035f800 JavaThread "Attach Listener" daemon [_thread_blocked, id=7192, stack(0x0000005274800000,0x0000005274900000)]
  0x0000015ec0363800 JavaThread "C2 CompilerThread0" daemon [_thread_blocked, id=2116, stack(0x0000005274900000,0x0000005274a00000)]
=>0x0000015ec0364800 JavaThread "C1 CompilerThread0" daemon [_thread_in_native, id=5176, stack(0x0000005274a00000,0x0000005274b00000)]
  0x0000015ec0366800 JavaThread "Sweeper thread" daemon [_thread_blocked, id=7452, stack(0x0000005274b00000,0x0000005274c00000)]
  0x0000015ec03fe000 JavaThread "Common-Cleaner" daemon [_thread_blocked, id=4156, stack(0x0000005274c00000,0x0000005274d00000)]
  0x0000015ec1130800 JavaThread "Monitor Ctrl-Break" daemon [_thread_in_native, id=2280, stack(0x0000005274d00000,0x0000005274e00000)]
  0x0000015ec1131000 JavaThread "Service Thread" daemon [_thread_blocked, id=4208, stack(0x0000005274e00000,0x0000005274f00000)]
  0x0000015ec284d000 JavaThread "Catalina-utility-1" [_thread_blocked, id=7896, stack(0x0000005275100000,0x0000005275200000)]
  0x0000015ec369e800 JavaThread "Catalina-utility-2" [_thread_blocked, id=1376, stack(0x0000005275200000,0x0000005275300000)]
  0x0000015ec3c2c800 JavaThread "container-0" [_thread_blocked, id=2964, stack(0x0000005275300000,0x0000005275400000)]
  0x0000015ec369f000 JavaThread "mysql-cj-abandoned-connection-cleanup" daemon [_thread_blocked, id=6840, stack(0x0000005275400000,0x0000005275500000)]
  0x0000015ec22e9800 JavaThread "HikariPool-1 housekeeper" daemon [_thread_blocked, id=8044, stack(0x0000005275800000,0x0000005275900000)]
  0x0000015ec2943000 JavaThread "http-nio-8080-exec-1" daemon [_thread_blocked, id=984, stack(0x0000005275900000,0x0000005275a00000)]
  0x0000015ec3ac3800 JavaThread "http-nio-8080-exec-2" daemon [_thread_blocked, id=4360, stack(0x0000005275a00000,0x0000005275b00000)]
  0x0000015ec443f800 JavaThread "http-nio-8080-exec-3" daemon [_thread_blocked, id=208, stack(0x0000005275b00000,0x0000005275c00000)]
  0x0000015ec2567800 JavaThread "http-nio-8080-exec-4" daemon [_thread_blocked, id=7628, stack(0x0000005275c00000,0x0000005275d00000)]
  0x0000015ec382b800 JavaThread "http-nio-8080-exec-5" daemon [_thread_blocked, id=3888, stack(0x0000005275d00000,0x0000005275e00000)]
  0x0000015ec3829000 JavaThread "http-nio-8080-exec-6" daemon [_thread_blocked, id=4840, stack(0x0000005275e00000,0x0000005275f00000)]
  0x0000015ec3828000 JavaThread "http-nio-8080-exec-7" daemon [_thread_blocked, id=4544, stack(0x0000005275f00000,0x0000005276000000)]
  0x0000015ec3826800 JavaThread "http-nio-8080-exec-8" daemon [_thread_blocked, id=1956, stack(0x0000005276000000,0x0000005276100000)]
  0x0000015ec382a800 JavaThread "http-nio-8080-exec-9" daemon [_thread_blocked, id=6652, stack(0x0000005276100000,0x0000005276200000)]
  0x0000015ec382a000 JavaThread "http-nio-8080-exec-10" daemon [_thread_blocked, id=4292, stack(0x0000005276200000,0x0000005276300000)]
  0x0000015ec382c800 JavaThread "http-nio-8080-Poller" daemon [_thread_in_native, id=4052, stack(0x0000005276300000,0x0000005276400000)]
  0x0000015ec382d000 JavaThread "http-nio-8080-Acceptor" daemon [_thread_in_native, id=2756, stack(0x0000005276400000,0x0000005276500000)]
  0x0000015ec3827800 JavaThread "DestroyJavaVM" [_thread_blocked, id=5040, stack(0x0000005273e00000,0x0000005273f00000)]

Other Threads:
  0x0000015ea4b4d800 VMThread "VM Thread" [stack: 0x0000005274400000,0x0000005274500000] [id=2684]
  0x0000015ec113b000 WatcherThread [stack: 0x0000005274f00000,0x0000005275000000] [id=900]
  0x0000015ea4ab2000 GCTaskThread "GC Thread#0" [stack: 0x0000005273f00000,0x0000005274000000] [id=7048]
  0x0000015ec117c000 GCTaskThread "GC Thread#1" [stack: 0x0000005275000000,0x0000005275100000] [id=1604]
  0x0000015ea28ee000 ConcurrentGCThread "G1 Main Marker" [stack: 0x0000005274000000,0x0000005274100000] [id=1748]
  0x0000015ea4ab8800 ConcurrentGCThread "G1 Conc#0" [stack: 0x0000005274100000,0x0000005274200000] [id=1136]
  0x0000015ea4b04000 ConcurrentGCThread "G1 Refine#0" [stack: 0x0000005274200000,0x0000005274300000] [id=1488]
  0x0000015ea4b07000 ConcurrentGCThread "G1 Young RemSet Sampling" [stack: 0x0000005274300000,0x0000005274400000] [id=5868]

Threads with active compile tasks:
C1 CompilerThread0  7625       3       java.util.concurrent.ScheduledThreadPoolExecutor$ScheduledFutureTask::compareTo (101 bytes)

VM state:not at safepoint (normal execution)

VM Mutex/Monitor currently owned by a thread: None

Heap address: 0x00000000c1400000, size: 1004 MB, Compressed Oops mode: 32-bit
Narrow klass base: 0x0000000800000000, Narrow klass shift: 3
Compressed class space size: 1073741824 Address: 0x00000008011a0000

Heap:
 garbage-first heap   total 76800K, used 36465K [0x00000000c1400000, 0x0000000100000000)
  region size 1024K, 5 young (5120K), 4 survivors (4096K)
 Metaspace       used 66453K, capacity 68219K, committed 68352K, reserved 1107968K
  class space    used 8496K, capacity 9184K, committed 9216K, reserved 1048576K
Heap Regions: E=young(eden), S=young(survivor), O=old, HS=humongous(starts), HC=humongous(continues), CS=collection set, F=free, A=archive, TAMS=top-at-mark-start (previous, next)
|   0|0x00000000c1400000, 0x00000000c1500000, 0x00000000c1500000|100%|HS|  |TAMS 0x00000000c1500000, 0x00000000c1400000| Complete 
|   1|0x00000000c1500000, 0x00000000c1600000, 0x00000000c1600000|100%| O|  |TAMS 0x00000000c1600000, 0x00000000c1500000| Untracked 
|   2|0x00000000c1600000, 0x00000000c1700000, 0x00000000c1700000|100%| O|  |TAMS 0x00000000c1700000, 0x00000000c1600000| Untracked 
|   3|0x00000000c1700000, 0x00000000c1800000, 0x00000000c1800000|100%| O|  |TAMS 0x00000000c1800000, 0x00000000c1700000| Untracked 
|   4|0x00000000c1800000, 0x00000000c1900000, 0x00000000c1900000|100%| O|  |TAMS 0x00000000c1900000, 0x00000000c1800000| Untracked 
|   5|0x00000000c1900000, 0x00000000c1a00000, 0x00000000c1a00000|100%| O|  |TAMS 0x00000000c1a00000, 0x00000000c1900000| Untracked 
|   6|0x00000000c1a00000, 0x00000000c1b00000, 0x00000000c1b00000|100%| O|  |TAMS 0x00000000c1b00000, 0x00000000c1a00000| Untracked 
|   7|0x00000000c1b00000, 0x00000000c1c00000, 0x00000000c1c00000|100%| O|  |TAMS 0x00000000c1c00000, 0x00000000c1b00000| Untracked 
|   8|0x00000000c1c00000, 0x00000000c1cdec00, 0x00000000c1d00000| 87%| O|  |TAMS 0x00000000c1cdec00, 0x00000000c1c00000| Untracked 
|   9|0x00000000c1d00000, 0x00000000c1e00000, 0x00000000c1e00000|100%| O|  |TAMS 0x00000000c1e00000, 0x00000000c1d00000| Untracked 
|  10|0x00000000c1e00000, 0x00000000c1f00000, 0x00000000c1f00000|100%| O|  |TAMS 0x00000000c1f00000, 0x00000000c1e00000| Untracked 
|  11|0x00000000c1f00000, 0x00000000c2000000, 0x00000000c2000000|100%| O|  |TAMS 0x00000000c2000000, 0x00000000c1f00000| Untracked 
|  12|0x00000000c2000000, 0x00000000c2100000, 0x00000000c2100000|100%| O|  |TAMS 0x00000000c2100000, 0x00000000c2000000| Untracked 
|  13|0x00000000c2100000, 0x00000000c2200000, 0x00000000c2200000|100%| O|  |TAMS 0x00000000c2200000, 0x00000000c2100000| Untracked 
|  14|0x00000000c2200000, 0x00000000c2300000, 0x00000000c2300000|100%| O|  |TAMS 0x00000000c2300000, 0x00000000c2200000| Untracked 
|  15|0x00000000c2300000, 0x00000000c2400000, 0x00000000c2400000|100%| O|  |TAMS 0x00000000c2400000, 0x00000000c2300000| Untracked 
|  16|0x00000000c2400000, 0x00000000c2500000, 0x00000000c2500000|100%| O|  |TAMS 0x00000000c2500000, 0x00000000c2400000| Untracked 
|  17|0x00000000c2500000, 0x00000000c2600000, 0x00000000c2600000|100%| O|  |TAMS 0x00000000c2600000, 0x00000000c2500000| Untracked 
|  18|0x00000000c2600000, 0x00000000c2700000, 0x00000000c2700000|100%| O|  |TAMS 0x00000000c2700000, 0x00000000c2600000| Untracked 
|  19|0x00000000c2700000, 0x00000000c2800000, 0x00000000c2800000|100%| O|  |TAMS 0x00000000c2800000, 0x00000000c2700000| Untracked 
|  20|0x00000000c2800000, 0x00000000c2900000, 0x00000000c2900000|100%| O|  |TAMS 0x00000000c2900000, 0x00000000c2800000| Untracked 
|  21|0x00000000c2900000, 0x00000000c2a00000, 0x00000000c2a00000|100%| O|  |TAMS 0x00000000c2a00000, 0x00000000c2900000| Untracked 
|  22|0x00000000c2a00000, 0x00000000c2b00000, 0x00000000c2b00000|100%| O|  |TAMS 0x00000000c2b00000, 0x00000000c2a00000| Untracked 
|  23|0x00000000c2b00000, 0x00000000c2c00000, 0x00000000c2c00000|100%| O|  |TAMS 0x00000000c2c00000, 0x00000000c2b00000| Untracked 
|  24|0x00000000c2c00000, 0x00000000c2d00000, 0x00000000c2d00000|100%| O|  |TAMS 0x00000000c2d00000, 0x00000000c2c00000| Untracked 
|  25|0x00000000c2d00000, 0x00000000c2e00000, 0x00000000c2e00000|100%| O|  |TAMS 0x00000000c2e00000, 0x00000000c2d00000| Untracked 
|  26|0x00000000c2e00000, 0x00000000c2f00000, 0x00000000c2f00000|100%| O|  |TAMS 0x00000000c2f00000, 0x00000000c2e00000| Untracked 
|  27|0x00000000c2f00000, 0x00000000c3000000, 0x00000000c3000000|100%| O|  |TAMS 0x00000000c2f76600, 0x00000000c2f00000| Untracked 
|  28|0x00000000c3000000, 0x00000000c3100000, 0x00000000c3100000|100%| O|  |TAMS 0x00000000c3000000, 0x00000000c3000000| Untracked 
|  29|0x00000000c3100000, 0x00000000c3200000, 0x00000000c3200000|100%| O|  |TAMS 0x00000000c3100000, 0x00000000c3100000| Untracked 
|  30|0x00000000c3200000, 0x00000000c3300000, 0x00000000c3300000|100%| O|  |TAMS 0x00000000c3200000, 0x00000000c3200000| Untracked 
|  31|0x00000000c3300000, 0x00000000c33bd800, 0x00000000c3400000| 74%| O|  |TAMS 0x00000000c3300000, 0x00000000c3300000| Untracked 
|  32|0x00000000c3400000, 0x00000000c3400000, 0x00000000c3500000|  0%| F|  |TAMS 0x00000000c3400000, 0x00000000c3400000| Untracked 
|  33|0x00000000c3500000, 0x00000000c3500000, 0x00000000c3600000|  0%| F|  |TAMS 0x00000000c3500000, 0x00000000c3500000| Untracked 
|  34|0x00000000c3600000, 0x00000000c3600000, 0x00000000c3700000|  0%| F|  |TAMS 0x00000000c3600000, 0x00000000c3600000| Untracked 
|  35|0x00000000c3700000, 0x00000000c3700000, 0x00000000c3800000|  0%| F|  |TAMS 0x00000000c3700000, 0x00000000c3700000| Untracked 
|  36|0x00000000c3800000, 0x00000000c3800000, 0x00000000c3900000|  0%| F|  |TAMS 0x00000000c3800000, 0x00000000c3800000| Untracked 
|  37|0x00000000c3900000, 0x00000000c3900000, 0x00000000c3a00000|  0%| F|  |TAMS 0x00000000c3900000, 0x00000000c3900000| Untracked 
|  38|0x00000000c3a00000, 0x00000000c3a00000, 0x00000000c3b00000|  0%| F|  |TAMS 0x00000000c3a00000, 0x00000000c3a00000| Untracked 
|  39|0x00000000c3b00000, 0x00000000c3b00000, 0x00000000c3c00000|  0%| F|  |TAMS 0x00000000c3b00000, 0x00000000c3b00000| Untracked 
|  40|0x00000000c3c00000, 0x00000000c3c00000, 0x00000000c3d00000|  0%| F|  |TAMS 0x00000000c3c00000, 0x00000000c3c00000| Untracked 
|  41|0x00000000c3d00000, 0x00000000c3d00000, 0x00000000c3e00000|  0%| F|  |TAMS 0x00000000c3d00000, 0x00000000c3d00000| Untracked 
|  42|0x00000000c3e00000, 0x00000000c3e00000, 0x00000000c3f00000|  0%| F|  |TAMS 0x00000000c3e00000, 0x00000000c3e00000| Untracked 
|  43|0x00000000c3f00000, 0x00000000c3f00000, 0x00000000c4000000|  0%| F|  |TAMS 0x00000000c3f00000, 0x00000000c3f00000| Untracked 
|  44|0x00000000c4000000, 0x00000000c4000000, 0x00000000c4100000|  0%| F|  |TAMS 0x00000000c4000000, 0x00000000c4000000| Untracked 
|  45|0x00000000c4100000, 0x00000000c4100000, 0x00000000c4200000|  0%| F|  |TAMS 0x00000000c4100000, 0x00000000c4100000| Untracked 
|  46|0x00000000c4200000, 0x00000000c4200000, 0x00000000c4300000|  0%| F|  |TAMS 0x00000000c4200000, 0x00000000c4200000| Untracked 
|  47|0x00000000c4300000, 0x00000000c4300000, 0x00000000c4400000|  0%| F|  |TAMS 0x00000000c4300000, 0x00000000c4300000| Untracked 
|  48|0x00000000c4400000, 0x00000000c4500000, 0x00000000c4500000|100%| S|CS|TAMS 0x00000000c4400000, 0x00000000c4400000| Complete 
|  49|0x00000000c4500000, 0x00000000c4600000, 0x00000000c4600000|100%| S|CS|TAMS 0x00000000c4500000, 0x00000000c4500000| Complete 
|  50|0x00000000c4600000, 0x00000000c4700000, 0x00000000c4700000|100%| S|CS|TAMS 0x00000000c4600000, 0x00000000c4600000| Complete 
|  51|0x00000000c4700000, 0x00000000c4800000, 0x00000000c4800000|100%| S|CS|TAMS 0x00000000c4700000, 0x00000000c4700000| Complete 
|  52|0x00000000c4800000, 0x00000000c4800000, 0x00000000c4900000|  0%| F|  |TAMS 0x00000000c4800000, 0x00000000c4800000| Untracked 
|  53|0x00000000c4900000, 0x00000000c4900000, 0x00000000c4a00000|  0%| F|  |TAMS 0x00000000c4900000, 0x00000000c4900000| Untracked 
|  54|0x00000000c4a00000, 0x00000000c4a00000, 0x00000000c4b00000|  0%| F|  |TAMS 0x00000000c4a00000, 0x00000000c4a00000| Untracked 
|  55|0x00000000c4b00000, 0x00000000c4b00000, 0x00000000c4c00000|  0%| F|  |TAMS 0x00000000c4b00000, 0x00000000c4b00000| Untracked 
|  56|0x00000000c4c00000, 0x00000000c4c00000, 0x00000000c4d00000|  0%| F|  |TAMS 0x00000000c4c00000, 0x00000000c4c00000| Untracked 
|  57|0x00000000c4d00000, 0x00000000c4d00000, 0x00000000c4e00000|  0%| F|  |TAMS 0x00000000c4d00000, 0x00000000c4d00000| Untracked 
|  58|0x00000000c4e00000, 0x00000000c4e00000, 0x00000000c4f00000|  0%| F|  |TAMS 0x00000000c4e00000, 0x00000000c4e00000| Untracked 
|  59|0x00000000c4f00000, 0x00000000c4f00000, 0x00000000c5000000|  0%| F|  |TAMS 0x00000000c4f00000, 0x00000000c4f00000| Untracked 
|  60|0x00000000c5000000, 0x00000000c5000000, 0x00000000c5100000|  0%| F|  |TAMS 0x00000000c5000000, 0x00000000c5000000| Untracked 
|  61|0x00000000c5100000, 0x00000000c5100000, 0x00000000c5200000|  0%| F|  |TAMS 0x00000000c5100000, 0x00000000c5100000| Untracked 
|  62|0x00000000c5200000, 0x00000000c5200000, 0x00000000c5300000|  0%| F|  |TAMS 0x00000000c5200000, 0x00000000c5200000| Untracked 
|  63|0x00000000c5300000, 0x00000000c5300000, 0x00000000c5400000|  0%| F|  |TAMS 0x00000000c5300000, 0x00000000c5300000| Untracked 
|  64|0x00000000c5400000, 0x00000000c5400000, 0x00000000c5500000|  0%| F|  |TAMS 0x00000000c5400000, 0x00000000c5400000| Untracked 
|  65|0x00000000c5500000, 0x00000000c5500000, 0x00000000c5600000|  0%| F|  |TAMS 0x00000000c5500000, 0x00000000c5500000| Untracked 
|  66|0x00000000c5600000, 0x00000000c5600000, 0x00000000c5700000|  0%| F|  |TAMS 0x00000000c5600000, 0x00000000c5600000| Untracked 
|  67|0x00000000c5700000, 0x00000000c5700000, 0x00000000c5800000|  0%| F|  |TAMS 0x00000000c5700000, 0x00000000c5700000| Untracked 
|  68|0x00000000c5800000, 0x00000000c5800000, 0x00000000c5900000|  0%| F|  |TAMS 0x00000000c5800000, 0x00000000c5800000| Untracked 
|  69|0x00000000c5900000, 0x00000000c5900000, 0x00000000c5a00000|  0%| F|  |TAMS 0x00000000c5900000, 0x00000000c5900000| Untracked 
|  70|0x00000000c5a00000, 0x00000000c5a00000, 0x00000000c5b00000|  0%| F|  |TAMS 0x00000000c5a00000, 0x00000000c5a00000| Untracked 
|  71|0x00000000c5b00000, 0x00000000c5b00000, 0x00000000c5c00000|  0%| F|  |TAMS 0x00000000c5b00000, 0x00000000c5b00000| Untracked 
|  72|0x00000000c5c00000, 0x00000000c5c00000, 0x00000000c5d00000|  0%| F|  |TAMS 0x00000000c5c00000, 0x00000000c5c00000| Untracked 
|  73|0x00000000c5d00000, 0x00000000c5d00000, 0x00000000c5e00000|  0%| F|  |TAMS 0x00000000c5d00000, 0x00000000c5d00000| Untracked 
|  74|0x00000000c5e00000, 0x00000000c5e7e908, 0x00000000c5f00000| 49%| E|  |TAMS 0x00000000c5e00000, 0x00000000c5e00000| Complete 

Card table byte_map: [0x0000015ea4850000,0x0000015ea4a50000] _byte_map_base: 0x0000015ea4246000

Marking Bits (Prev, Next): (CMBitMap*) 0x0000015ea4ab3e08, (CMBitMap*) 0x0000015ea4ab3dc8
 Prev Bits: [0x0000015ebd030000, 0x0000015ebdfe0000)
 Next Bits: [0x0000015ebc080000, 0x0000015ebd030000)

Polling page: 0x0000015ea29c0000

Metaspace:

Usage:
  Non-class:     57.65 MB capacity,    56.60 MB ( 98%) used,   852.55 KB (  1%) free+waste,   225.44 KB ( <1%) overhead. 
      Class:      8.97 MB capacity,     8.30 MB ( 93%) used,   583.62 KB (  6%) free+waste,   103.63 KB (  1%) overhead. 
       Both:     66.62 MB capacity,    64.90 MB ( 97%) used,     1.40 MB (  2%) free+waste,   329.06 KB ( <1%) overhead. 

Virtual space:
  Non-class space:       58.00 MB reserved,      57.75 MB (>99%) committed 
      Class space:        1.00 GB reserved,       9.00 MB ( <1%) committed 
             Both:        1.06 GB reserved,      66.75 MB (  6%) committed 

Chunk freelists:
   Non-Class:  4.63 KB
       Class:  0 bytes
        Both:  4.63 KB

CodeHeap 'non-profiled nmethods': size=120064Kb used=3486Kb max_used=3486Kb free=116578Kb
 bounds [0x0000015eb4940000, 0x0000015eb4cb0000, 0x0000015ebbe80000]
CodeHeap 'profiled nmethods': size=120000Kb used=13853Kb max_used=13853Kb free=106146Kb
 bounds [0x0000015ead410000, 0x0000015eae1b0000, 0x0000015eb4940000]
CodeHeap 'non-nmethods': size=5696Kb used=1291Kb max_used=1333Kb free=4404Kb
 bounds [0x0000015eace80000, 0x0000015ead0f0000, 0x0000015ead410000]
 total_blobs=9680 nmethods=6690 adapters=577
 compilation: enabled
              stopped_count=0, restarted_count=0
 full_count=0

Compilation events (10 events):
Event: 104.047 Thread 0x0000015ec0363800 nmethod 7606 0x0000015eb4ca6590 code [0x0000015eb4ca6760, 0x0000015eb4ca6f78]
Event: 104.047 Thread 0x0000015ec0363800 7579       4       java.lang.reflect.Method::isBridge (16 bytes)
Event: 104.048 Thread 0x0000015ec0363800 nmethod 7579 0x0000015eb4ca7510 code [0x0000015eb4ca76a0, 0x0000015eb4ca7718]
Event: 104.048 Thread 0x0000015ec0363800 7576       4       java.lang.reflect.Method::isSynthetic (5 bytes)
Event: 104.058 Thread 0x0000015ec0363800 nmethod 7576 0x0000015eb4ca7790 code [0x0000015eb4ca7920, 0x0000015eb4ca7998]
Event: 111.348 Thread 0x0000015ec0364800 7623       3       java.util.concurrent.locks.LockSupport::setBlocker (12 bytes)
Event: 111.348 Thread 0x0000015ec0364800 nmethod 7623 0x0000015eae1a7710 code [0x0000015eae1a78c0, 0x0000015eae1a7a58]
Event: 112.910 Thread 0x0000015ec0364800 7624       3       java.util.concurrent.ScheduledThreadPoolExecutor$ScheduledFutureTask::compareTo (9 bytes)
Event: 112.911 Thread 0x0000015ec0364800 nmethod 7624 0x0000015eae1a7b10 code [0x0000015eae1a7ce0, 0x0000015eae1a7fd0]
Event: 112.911 Thread 0x0000015ec0364800 7625       3       java.util.concurrent.ScheduledThreadPoolExecutor$ScheduledFutureTask::compareTo (101 bytes)

GC Heap History (10 events):
Event: 69.912 GC heap before
{Heap before GC invocations=43 (full 0):
 garbage-first heap   total 63488K, used 46871K [0x00000000c1400000, 0x0000000100000000)
  region size 1024K, 20 young (20480K), 3 survivors (3072K)
 Metaspace       used 55516K, capacity 57110K, committed 57216K, reserved 1099776K
  class space    used 7196K, capacity 7796K, committed 7808K, reserved 1048576K
}
Event: 69.930 GC heap after
{Heap after GC invocations=44 (full 0):
 garbage-first heap   total 63488K, used 30240K [0x00000000c1400000, 0x0000000100000000)
  region size 1024K, 3 young (3072K), 3 survivors (3072K)
 Metaspace       used 55516K, capacity 57110K, committed 57216K, reserved 1099776K
  class space    used 7196K, capacity 7796K, committed 7808K, reserved 1048576K
}
Event: 70.906 GC heap before
{Heap before GC invocations=44 (full 0):
 garbage-first heap   total 63488K, used 47648K [0x00000000c1400000, 0x0000000100000000)
  region size 1024K, 20 young (20480K), 3 survivors (3072K)
 Metaspace       used 56929K, capacity 58481K, committed 58752K, reserved 1099776K
  class space    used 7383K, capacity 7998K, committed 8064K, reserved 1048576K
}
Event: 70.928 GC heap after
{Heap after GC invocations=45 (full 0):
 garbage-first heap   total 76800K, used 31148K [0x00000000c1400000, 0x0000000100000000)
  region size 1024K, 3 young (3072K), 3 survivors (3072K)
 Metaspace       used 56929K, capacity 58481K, committed 58752K, reserved 1099776K
  class space    used 7383K, capacity 7998K, committed 8064K, reserved 1048576K
}
Event: 79.149 GC heap before
{Heap before GC invocations=46 (full 0):
 garbage-first heap   total 76800K, used 54700K [0x00000000c1400000, 0x0000000100000000)
  region size 1024K, 26 young (26624K), 3 survivors (3072K)
 Metaspace       used 58755K, capacity 60448K, committed 60544K, reserved 1101824K
  class space    used 7617K, capacity 8283K, committed 8320K, reserved 1048576K
}
Event: 79.187 GC heap after
{Heap after GC invocations=47 (full 0):
 garbage-first heap   total 76800K, used 32342K [0x00000000c1400000, 0x0000000100000000)
  region size 1024K, 3 young (3072K), 3 survivors (3072K)
 Metaspace       used 58755K, capacity 60448K, committed 60544K, reserved 1101824K
  class space    used 7617K, capacity 8283K, committed 8320K, reserved 1048576K
}
Event: 82.420 GC heap before
{Heap before GC invocations=47 (full 0):
 garbage-first heap   total 76800K, used 56918K [0x00000000c1400000, 0x0000000100000000)
  region size 1024K, 27 young (27648K), 3 survivors (3072K)
 Metaspace       used 62937K, capacity 64702K, committed 64896K, reserved 1105920K
  class space    used 8107K, capacity 8780K, committed 8832K, reserved 1048576K
}
Event: 82.461 GC heap after
{Heap after GC invocations=48 (full 0):
 garbage-first heap   total 76800K, used 33688K [0x00000000c1400000, 0x0000000100000000)
  region size 1024K, 3 young (3072K), 3 survivors (3072K)
 Metaspace       used 62937K, capacity 64702K, committed 64896K, reserved 1105920K
  class space    used 8107K, capacity 8780K, committed 8832K, reserved 1048576K
}
Event: 103.949 GC heap before
{Heap before GC invocations=48 (full 0):
 garbage-first heap   total 76800K, used 57240K [0x00000000c1400000, 0x0000000100000000)
  region size 1024K, 26 young (26624K), 3 survivors (3072K)
 Metaspace       used 66412K, capacity 68219K, committed 68352K, reserved 1107968K
  class space    used 8495K, capacity 9184K, committed 9216K, reserved 1048576K
}
Event: 103.979 GC heap after
{Heap after GC invocations=49 (full 0):
 garbage-first heap   total 76800K, used 36465K [0x00000000c1400000, 0x0000000100000000)
  region size 1024K, 4 young (4096K), 4 survivors (4096K)
 Metaspace       used 66412K, capacity 68219K, committed 68352K, reserved 1107968K
  class space    used 8495K, capacity 9184K, committed 9216K, reserved 1048576K
}

Deoptimization events (10 events):
Event: 72.552 Thread 0x0000015ea4a87800 Uncommon trap: reason=null_check action=make_not_entrant pc=0x0000015eb4a55f48 method=org.springframework.util.ClassUtils.isAssignable(Ljava/lang/Class;Ljava/lang/Class;)Z @ 14 c2
Event: 73.013 Thread 0x0000015ea4a87800 Uncommon trap: reason=unstable_if action=reinterpret pc=0x0000015eb4a386e8 method=org.springframework.core.annotation.AnnotationsScanner.isWithoutHierarchy(Ljava/lang/reflect/AnnotatedElement;Lorg/springframework/core/annotation/MergedAnnotations$SearchSt
Event: 73.286 Thread 0x0000015ea4a87800 Uncommon trap: reason=unstable_if action=reinterpret pc=0x0000015eb49bc80c method=org.springframework.util.ConcurrentReferenceHashMap$Segment.clear()V @ 7 c2
Event: 80.349 Thread 0x0000015ec2943000 Uncommon trap: reason=unstable_if action=reinterpret pc=0x0000015eb4ba671c method=java.util.StringTokenizer.skipDelimiters(I)I @ 21 c2
Event: 80.349 Thread 0x0000015ec2943000 Uncommon trap: reason=unstable_if action=reinterpret pc=0x0000015eb49e6678 method=java.util.StringTokenizer.scanToken(I)I @ 96 c2
Event: 80.532 Thread 0x0000015ec2943000 Uncommon trap: reason=unstable_if action=reinterpret pc=0x0000015eb49544e4 method=java.lang.CharacterData.of(I)Ljava/lang/CharacterData; @ 4 c2
Event: 80.564 Thread 0x0000015ec2943000 Uncommon trap: reason=unstable_if action=reinterpret pc=0x0000015eb4b217bc method=java.util.regex.Matcher.search(I)Z @ 76 c2
Event: 82.573 Thread 0x0000015ec2943000 Uncommon trap: reason=unstable_if action=reinterpret pc=0x0000015eb4b8c54c method=jdk.internal.reflect.Reflection.verifyMemberAccess(Ljava/lang/Class;Ljava/lang/Class;Ljava/lang/Class;I)Z @ 33 c2
Event: 85.891 Thread 0x0000015ec2943000 Uncommon trap: reason=unstable_if action=reinterpret pc=0x0000015eb4b8d6a4 method=jdk.internal.reflect.Reflection.verifyMemberAccess(Ljava/lang/Class;Ljava/lang/Class;Ljava/lang/Class;I)Z @ 57 c2
Event: 86.947 Thread 0x0000015ec2567800 Uncommon trap: reason=unstable_if action=reinterpret pc=0x0000015eb49abb78 method=java.util.Objects.equals(Ljava/lang/Object;Ljava/lang/Object;)Z @ 6 c2

Classes redefined (0 events):
No events

Internal exceptions (10 events):
Event: 71.699 Thread 0x0000015ea4a87800 Exception <a 'java/lang/IncompatibleClassChangeError'{0x00000000c5ce9308}: Found class java.lang.Object, but interface was expected> (0x00000000c5ce9308) thrown at [t:/workspace/open/src/hotspot/share/interpreter/linkResolver.cpp, line 843]
Event: 72.552 Thread 0x0000015ea4a87800 Implicit null exception at 0x0000015eb4a55cfa to 0x0000015eb4a55f32
Event: 72.573 Thread 0x0000015ea4a87800 Exception <a 'java/lang/ClassNotFoundException'{0x00000000c54079f8}: java/lang/ObjectCustomizer> (0x00000000c54079f8) thrown at [t:/workspace/open/src/hotspot/share/classfile/systemDictionary.cpp, line 235]
Event: 72.578 Thread 0x0000015ea4a87800 Exception <a 'java/lang/ClassNotFoundException'{0x00000000c541db88}: com/plotnikov/fleetapp/models/UserCustomizer> (0x00000000c541db88) thrown at [t:/workspace/open/src/hotspot/share/classfile/systemDictionary.cpp, line 235]
Event: 73.089 Thread 0x0000015ea4a87800 Exception <a 'java/lang/NoSuchMethodError'{0x00000000c4df88a8}: java.lang.invoke.DirectMethodHandle$Holder.invokeSpecial(Ljava/lang/Object;Ljava/lang/Object;ILjava/lang/Object;ILjava/lang/Object;)Ljava/lang/Object;> (0x00000000c4df88a8) thrown at [t:/work
Event: 73.092 Thread 0x0000015ea4a87800 Exception <a 'java/lang/NoSuchMethodError'{0x00000000c4dff700}: java.lang.invoke.DirectMethodHandle$Holder.invokeStatic(Ljava/lang/Object;Ljava/lang/Object;ILjava/lang/Object;I)Ljava/lang/Object;> (0x00000000c4dff700) thrown at [t:/workspace/open/src/hots
Event: 73.094 Thread 0x0000015ea4a87800 Exception <a 'java/lang/NoSuchMethodError'{0x00000000c4c02f58}: java.lang.invoke.DirectMethodHandle$Holder.invokeSpecial(Ljava/lang/Object;Ljava/lang/Object;Ljava/lang/Object;ILjava/lang/Object;I)Ljava/lang/Object;> (0x00000000c4c02f58) thrown at [t:/work
Event: 73.101 Thread 0x0000015ea4a87800 Exception <a 'java/lang/NoSuchMethodError'{0x00000000c4c0f318}: java.lang.invoke.DirectMethodHandle$Holder.invokeVirtual(Ljava/lang/Object;Ljava/lang/Object;)V> (0x00000000c4c0f318) thrown at [t:/workspace/open/src/hotspot/share/interpreter/linkResolver.c
Event: 81.074 Thread 0x0000015ec2943000 Exception <a 'java/lang/NoSuchMethodError'{0x00000000c4e31438}: java.lang.invoke.DirectMethodHandle$Holder.invokeInterface(Ljava/lang/Object;Ljava/lang/Object;Ljava/lang/Object;Ljava/lang/Object;)Ljava/lang/Object;> (0x00000000c4e31438) thrown at [t:/work
Event: 81.265 Thread 0x0000015ec2943000 Exception <a 'java/lang/NoSuchMethodError'{0x00000000c4d0c478}: java.lang.invoke.DirectMethodHandle$Holder.invokeStaticInit(Ljava/lang/Object;Ljava/lang/Object;Ljava/lang/Object;Ljava/lang/Object;Ljava/lang/Object;Ljava/lang/Object;)Ljava/lang/Object;> (0

Events (10 events):
Event: 103.979 Executing VM operation: RevokeBias
Event: 103.980 Executing VM operation: RevokeBias done
Event: 103.980 Executing VM operation: RevokeBias
Event: 103.980 Executing VM operation: RevokeBias done
Event: 103.995 loading class com/fasterxml/jackson/databind/introspect/MethodGenericTypeResolver
Event: 103.995 loading class com/fasterxml/jackson/databind/introspect/MethodGenericTypeResolver done
Event: 104.019 Executing VM operation: BulkRevokeBias
Event: 104.021 Executing VM operation: BulkRevokeBias done
Event: 108.663 Executing VM operation: RevokeBias
Event: 108.664 Executing VM operation: RevokeBias done


Dynamic libraries:
0x00007ff6edc20000 - 0x00007ff6edc2f000 	C:\Program Files\Java\jdk-12.0.1\bin\java.exe
0x00007ffbb18f0000 - 0x00007ffbb1add000 	C:\Windows\SYSTEM32\ntdll.dll
0x00007ffbb0da0000 - 0x00007ffbb0e53000 	C:\Windows\System32\KERNEL32.DLL
0x00007ffbadc60000 - 0x00007ffbadef3000 	C:\Windows\System32\KERNELBASE.dll
0x00007ffbaea50000 - 0x00007ffbaeb4a000 	C:\Windows\System32\ucrtbase.dll
0x00007ffbab9a0000 - 0x00007ffbab9b8000 	C:\Program Files\Java\jdk-12.0.1\bin\jli.dll
0x00007ffbb0e90000 - 0x00007ffbb0f33000 	C:\Windows\System32\ADVAPI32.dll
0x00007ffbaebb0000 - 0x00007ffbaec4e000 	C:\Windows\System32\msvcrt.dll
0x00007ffbb0fc0000 - 0x00007ffbb105e000 	C:\Windows\System32\sechost.dll
0x00007ffbb0be0000 - 0x00007ffbb0d02000 	C:\Windows\System32\RPCRT4.dll
0x00007ffbaeda0000 - 0x00007ffbaef37000 	C:\Windows\System32\USER32.dll
0x00007ffbadfb0000 - 0x00007ffbadfd0000 	C:\Windows\System32\win32u.dll
0x00007ffbaec50000 - 0x00007ffbaec79000 	C:\Windows\System32\GDI32.dll
0x00007ffbadac0000 - 0x00007ffbadc5a000 	C:\Windows\System32\gdi32full.dll
0x00007ffbad9f0000 - 0x00007ffbada90000 	C:\Windows\System32\msvcp_win.dll
0x00007ffba7a90000 - 0x00007ffba7aa6000 	C:\Program Files\Java\jdk-12.0.1\bin\VCRUNTIME140.dll
0x00007ffb9f430000 - 0x00007ffb9f6a9000 	C:\Windows\WinSxS\amd64_microsoft.windows.common-controls_6595b64144ccf1df_6.0.17763.379_none_05b83be8071c94a1\COMCTL32.dll
0x00007ffbb12f0000 - 0x00007ffbb161d000 	C:\Windows\System32\combase.dll
0x00007ffbadfd0000 - 0x00007ffbae04e000 	C:\Windows\System32\bcryptPrimitives.dll
0x00007ffb9ac60000 - 0x00007ffb9ac6a000 	C:\Windows\SYSTEM32\VERSION.dll
0x00007ffbb0e60000 - 0x00007ffbb0e8e000 	C:\Windows\System32\IMM32.DLL
0x00007ffb9d7c0000 - 0x00007ffb9d86a000 	C:\Program Files\Java\jdk-12.0.1\bin\msvcp140.dll
0x00007ffb7cc20000 - 0x00007ffb7d794000 	C:\Program Files\Java\jdk-12.0.1\bin\server\jvm.dll
0x00007ffbb0d10000 - 0x00007ffbb0d18000 	C:\Windows\System32\PSAPI.DLL
0x00007ffbac4f0000 - 0x00007ffbac4f9000 	C:\Windows\SYSTEM32\WSOCK32.dll
0x00007ffbb0d20000 - 0x00007ffbb0d8d000 	C:\Windows\System32\WS2_32.dll
0x00007ffbab8c0000 - 0x00007ffbab8e4000 	C:\Windows\SYSTEM32\WINMM.dll
0x00007ffbab890000 - 0x00007ffbab8bd000 	C:\Windows\SYSTEM32\WINMMBASE.dll
0x00007ffbadf00000 - 0x00007ffbadf4a000 	C:\Windows\System32\cfgmgr32.dll
0x00007ffbad920000 - 0x00007ffbad931000 	C:\Windows\System32\kernel.appcore.dll
0x00007ffba7a70000 - 0x00007ffba7a81000 	C:\Program Files\Java\jdk-12.0.1\bin\verify.dll
0x00007ffbac2e0000 - 0x00007ffbac4cd000 	C:\Windows\SYSTEM32\DBGHELP.DLL
0x00007ffb9d510000 - 0x00007ffb9d53a000 	C:\Windows\SYSTEM32\dbgcore.DLL
0x00007ffba6180000 - 0x00007ffba61a6000 	C:\Program Files\Java\jdk-12.0.1\bin\java.dll
0x00007ffba5440000 - 0x00007ffba544e000 	C:\Program Files\Java\jdk-12.0.1\bin\instrument.dll
0x00007ffba6160000 - 0x00007ffba6177000 	C:\Program Files\Java\jdk-12.0.1\bin\zip.dll
0x00007ffba6150000 - 0x00007ffba615a000 	C:\Program Files\Java\jdk-12.0.1\bin\jimage.dll
0x00007ffbaef40000 - 0x00007ffbb0430000 	C:\Windows\System32\SHELL32.dll
0x00007ffbb08b0000 - 0x00007ffbb0958000 	C:\Windows\System32\shcore.dll
0x00007ffbae100000 - 0x00007ffbae84a000 	C:\Windows\System32\windows.storage.dll
0x00007ffbad960000 - 0x00007ffbad984000 	C:\Windows\System32\profapi.dll
0x00007ffbad990000 - 0x00007ffbad9ed000 	C:\Windows\System32\powrprof.dll
0x00007ffbaece0000 - 0x00007ffbaed32000 	C:\Windows\System32\shlwapi.dll
0x00007ffbaea30000 - 0x00007ffbaea47000 	C:\Windows\System32\cryptsp.dll
0x00007ffba5540000 - 0x00007ffba5559000 	C:\Program Files\Java\jdk-12.0.1\bin\net.dll
0x00007ffba1790000 - 0x00007ffba1881000 	C:\Windows\SYSTEM32\WINHTTP.dll
0x00007ffba1300000 - 0x00007ffba14d6000 	C:\Windows\SYSTEM32\urlmon.dll
0x00007ffba2830000 - 0x00007ffba2ad8000 	C:\Windows\SYSTEM32\iertutil.dll
0x00007ffbad310000 - 0x00007ffbad31c000 	C:\Windows\SYSTEM32\CRYPTBASE.DLL
0x00007ffbad140000 - 0x00007ffbad1a7000 	C:\Windows\system32\mswsock.dll
0x00007ffba54b0000 - 0x00007ffba54c3000 	C:\Program Files\Java\jdk-12.0.1\bin\nio.dll
0x00007ffba5420000 - 0x00007ffba543a000 	C:\Program Files\JetBrains\IntelliJ IDEA Community Edition 2019.1\bin\breakgen64.dll
0x00007ffba54a0000 - 0x00007ffba54a9000 	C:\Program Files\Java\jdk-12.0.1\bin\management.dll
0x00007ffba53d0000 - 0x00007ffba53dc000 	C:\Program Files\Java\jdk-12.0.1\bin\management_ext.dll
0x00007ffb9bea0000 - 0x00007ffb9beb6000 	C:\Windows\system32\napinsp.dll
0x00007ffb97020000 - 0x00007ffb9703a000 	C:\Windows\system32\pnrpnsp.dll
0x00007ffbacee0000 - 0x00007ffbacfa6000 	C:\Windows\SYSTEM32\DNSAPI.dll
0x00007ffbb1100000 - 0x00007ffbb1108000 	C:\Windows\System32\NSI.dll
0x00007ffbacea0000 - 0x00007ffbacedd000 	C:\Windows\SYSTEM32\IPHLPAPI.DLL
0x00007ffb9d060000 - 0x00007ffb9d06e000 	C:\Windows\System32\winrnr.dll
0x00007ffba9990000 - 0x00007ffba99ab000 	C:\Windows\system32\NLAapi.dll
0x00007ffba4740000 - 0x00007ffba4755000 	C:\Windows\system32\wshbth.dll
0x00007ffb9c380000 - 0x00007ffb9c38a000 	C:\Windows\System32\rasadhlp.dll
0x00007ffb9d540000 - 0x00007ffb9d5b9000 	C:\Windows\System32\fwpuclnt.dll
0x00007ffbada90000 - 0x00007ffbadab6000 	C:\Windows\System32\bcrypt.dll
0x00007ffbacd00000 - 0x00007ffbacd33000 	C:\Windows\system32\rsaenh.dll
0x00007ffbad850000 - 0x00007ffbad878000 	C:\Windows\SYSTEM32\USERENV.dll
0x00007ffb9e6b0000 - 0x00007ffb9e6c6000 	C:\Windows\SYSTEM32\dhcpcsvc6.DLL
0x00007ffb9f2f0000 - 0x00007ffb9f30c000 	C:\Windows\SYSTEM32\dhcpcsvc.DLL
0x00007ffba4e90000 - 0x00007ffba4eb7000 	C:\Program Files\Java\jdk-12.0.1\bin\sunec.dll
0x00007ffba5410000 - 0x00007ffba541e000 	C:\Program Files\Java\jdk-12.0.1\bin\sunmscapi.dll
0x00007ffbae850000 - 0x00007ffbaea2b000 	C:\Windows\System32\CRYPT32.dll
0x00007ffbad940000 - 0x00007ffbad952000 	C:\Windows\System32\MSASN1.dll
0x00007ffbad410000 - 0x00007ffbad436000 	C:\Windows\SYSTEM32\ncrypt.dll
0x00007ffbad3d0000 - 0x00007ffbad40c000 	C:\Windows\SYSTEM32\NTASN1.dll

dbghelp: loaded successfully - version: 4.0.5 - missing functions: none
symbol engine: initialized successfully - sym options: 0x614 - pdb path: .;C:\Program Files\Java\jdk-12.0.1\bin;C:\Windows\SYSTEM32;C:\Windows\WinSxS\amd64_microsoft.windows.common-controls_6595b64144ccf1df_6.0.17763.379_none_05b83be8071c94a1;C:\Program Files\Java\jdk-12.0.1\bin\server;C:\Program Files\JetBrains\IntelliJ IDEA Community Edition 2019.1\bin

VM Arguments:
jvm_args: --add-exports=javafx.graphics/com.sun.javafx.util=ALL-UNNAMED --add-exports=javafx.base/com.sun.javafx.reflect=ALL-UNNAMED -javaagent:C:\Program Files\JetBrains\IntelliJ IDEA Community Edition 2019.1\lib\idea_rt.jar=58783:C:\Program Files\JetBrains\IntelliJ IDEA Community Edition 2019.1\bin -Dfile.encoding=UTF-8 
java_command: com.plotnikov.fleetapp.FleetappApplication
java_class_path (initial): C:\Users\Tiger\Desktop\skillbox\Spring Projects\fleetapp\fleetapp\target\classes;C:\Users\Tiger\.m2\repository\org\springframework\boot\spring-boot-starter-data-jpa\2.6.7\spring-boot-starter-data-jpa-2.6.7.jar;C:\Users\Tiger\.m2\repository\org\springframework\boot\spring-boot-starter-aop\2.6.7\spring-boot-starter-aop-2.6.7.jar;C:\Users\Tiger\.m2\repository\org\springframework\spring-aop\5.3.19\spring-aop-5.3.19.jar;C:\Users\Tiger\.m2\repository\org\aspectj\aspectjweaver\1.9.7\aspectjweaver-1.9.7.jar;C:\Users\Tiger\.m2\repository\org\springframework\boot\spring-boot-starter-jdbc\2.6.7\spring-boot-starter-jdbc-2.6.7.jar;C:\Users\Tiger\.m2\repository\com\zaxxer\HikariCP\4.0.3\HikariCP-4.0.3.jar;C:\Users\Tiger\.m2\repository\org\springframework\spring-jdbc\5.3.19\spring-jdbc-5.3.19.jar;C:\Users\Tiger\.m2\repository\jakarta\transaction\jakarta.transaction-api\1.3.3\jakarta.transaction-api-1.3.3.jar;C:\Users\Tiger\.m2\repository\jakarta\persistence\jakarta.persistence-api\2.2.3\jakarta.persistence-api-2.2.3.jar;C:\Users\Tiger\.m2\repository\org\hibernate\hibernate-core\5.6.8.Final\hibernate-core-5.6.8.Final.jar;C:\Users\Tiger\.m2\repository\org\jboss\logging\jboss-logging\3.4.3.Final\jboss-logging-3.4.3.Final.jar;C:\Users\Tiger\.m2\repository\net\bytebuddy\byte-buddy\1.11.22\byte-buddy-1.11.22.jar;C:\Users\Tiger\.m2\repository\antlr\antlr\2.7.7\antlr-2.7.7.jar;C:\Users\Tiger\.m2\repository\org\jboss\jandex\2.4.2.Final\jandex-2.4.2.Final.jar;C:\Users\Tiger\.m2\repository\com\fasterxml\classmate\1.5.1\classmate-1.5.1.jar;C:\Users\Tiger\.m2\repository\org\hibernate\common\hibernate-commons-annotations\5.1.2.Final\hibernate-commons-annotations-5.1.2.Final.jar;C:\Users\Tiger\.m2\repository\org\glassfish\jaxb\jaxb-runtime\2.3.6\jaxb-runtime-2.3.6.jar;C:\Users\Tiger\.m2\repository\org\glassfish\jaxb\txw2\2.3.6\txw2-2.3.6.jar;C:\Users\Tiger\.m2\repository\com\sun\istack\istack-commons-runtime\3.0.12\istack-commons-runtime-3.0.12.jar;C:\Users\Tiger\.m2
Launcher Type: SUN_STANDARD

[Global flags]
     intx CICompilerCount                          = 2                                         {product} {ergonomic}
     uint ConcGCThreads                            = 1                                         {product} {ergonomic}
     uint G1ConcRefinementThreads                  = 2                                         {product} {ergonomic}
   size_t G1HeapRegionSize                         = 1048576                                   {product} {ergonomic}
    uintx GCDrainStackTargetSize                   = 64                                        {product} {ergonomic}
   size_t InitialHeapSize                          = 67108864                                  {product} {ergonomic}
   size_t MarkStackSize                            = 4194304                                   {product} {ergonomic}
   size_t MaxHeapSize                              = 1052770304                                {product} {ergonomic}
   size_t MaxNewSize                               = 631242752                                 {product} {ergonomic}
   size_t MinHeapDeltaBytes                        = 1048576                                   {product} {ergonomic}
    uintx NonNMethodCodeHeapSize                   = 5825164                                {pd product} {ergonomic}
    uintx NonProfiledCodeHeapSize                  = 122916538                              {pd product} {ergonomic}
    uintx ProfiledCodeHeapSize                     = 122916538                              {pd product} {ergonomic}
    uintx ReservedCodeCacheSize                    = 251658240                              {pd product} {ergonomic}
     bool SegmentedCodeCache                       = true                                      {product} {ergonomic}
     bool UseCompressedClassPointers               = true                                 {lp64_product} {ergonomic}
     bool UseCompressedOops                        = true                                 {lp64_product} {ergonomic}
     bool UseG1GC                                  = true                                      {product} {ergonomic}
     bool UseLargePagesIndividualAllocation        = false                                  {pd product} {ergonomic}

Logging:
Log output configuration:
 #0: stdout all=warning uptime,level,tags
 #1: stderr all=off uptime,level,tags

Environment Variables:
PATH=C:\Program Files (x86)\NVIDIA Corporation\PhysX\Common;C:\Program Files (x86)\Intel\TXE Components\TCS\;C:\Program Files\Intel\TXE Components\TCS\;C:\Windows\system32;C:\Windows;C:\Windows\System32\Wbem;C:\Windows\System32\WindowsPowerShell\v1.0\;C:\Program Files\Intel\TXE Components\DAL\;C:\Program Files (x86)\Intel\TXE Components\DAL\;C:\Program Files\Intel\TXE Components\IPT\;C:\Program Files (x86)\Intel\TXE Components\IPT\;C:\Program Files\jdk-12\bin;C:\Program Files\MATLAB\R2014a\bin;C:\Program Files\MySQL\MySQL Shell 8.0\bin\;C:\Users\Tiger\AppData\Local\Microsoft\WindowsApps;;C:\Exercism
USERNAME=Tiger
OS=Windows_NT
PROCESSOR_IDENTIFIER=Intel64 Family 6 Model 76 Stepping 3, GenuineIntel



---------------  S Y S T E M  ---------------

OS: Windows 10 , 64 bit Build 17763 (10.0.17763.379)

CPU:total 2 (initial active 2) (2 cores per cpu, 1 threads per core) family 6 model 76 stepping 3, cmov, cx8, fxsr, mmx, sse, sse2, sse3, ssse3, sse4.1, sse4.2, popcnt, aes, clmul, erms, 3dnowpref, tsc, tscinvbit

Memory: 4k page, system-wide physical 4009M (93M free)
TotalPageFile size 7666M (AvailPageFile size 0M)
current process WorkingSet (physical memory assigned to process): 230M, peak: 259M
current process commit charge ("private bytes"): 252M, peak: 280M

vm_info: Java HotSpot(TM) 64-Bit Server VM (12.0.1+12) for windows-amd64 JRE (12.0.1+12), built on Apr  2 2019 14:02:19 by "mach5one" with MS VC++ 15.5 (VS2017)

END.
